<?xml version="1.0" encoding="UTF-8"?>
<testsuite name="de.phonebook.tests.HomePageTests" tests="1" skipped="0" failures="0" errors="0" timestamp="2026-01-30T09:00:58" hostname="iras-Laptop.local" time="0.006">
  <properties/>
  <testcase name="isHomeComponentPresentTest" classname="de.phonebook.tests.HomePageTests" time="0.006"/>
  <system-out><![CDATA[10:00:58.411 [Test worker] INFO  de.phonebook.core.TestBase -- Start test isHomeComponentPresentTest with data: []
10:00:58.448 [Test worker] INFO  de.phonebook.core.TestBase -- PASSED: isHomeComponentPresentTest
10:00:58.517 [Test worker] INFO  de.phonebook.core.TestBase -- Stop test
10:00:58.517 [Test worker] INFO  de.phonebook.core.TestBase -- **********************************************************
]]></system-out>
  <system-err><![CDATA[]]></system-err>
</testsuite>
